<?xml version="1.0" encoding="UTF-8"?>
<!-- Generated by org.testng.reporters.JUnitReportReporter -->
<testsuite hostname="LIN76003578" failures="0" tests="1" name="com.check.AutomationDemoSite" time="7.196" errors="0" timestamp="2024-03-08T12:20:53 IST" skipped="0">
  <testcase classname="com.check.AutomationDemoSite" name="Scenario2" time="7.196"/>
</testsuite> <!-- com.check.AutomationDemoSite -->
