<?xml version="1.0" encoding="UTF-8"?>
<!-- Generated by org.testng.reporters.JUnitReportReporter -->
<testsuite hostname="LIN76003578" failures="0" tests="1" name="com.check.CPUValueTest" time="1.813" errors="0" timestamp="2024-03-08T12:04:44 IST" skipped="0">
  <testcase classname="com.check.CPUValueTest" name="Scenario4" time="1.813"/>
</testsuite> <!-- com.check.CPUValueTest -->
